<?xml version="1.0" encoding="UTF-8"?>
<!-- Generated by org.testng.reporters.JUnitXMLReporter -->
<testsuite ignored="0" hostname="DESKTOP-24M7K4D" failures="1" tests="3" name="Test" time="0.108" errors="0" timestamp="2024-01-13T14:50:33 IST">
  <testcase classname="package1.HMS1Test" name="HMS1" time="0.02"/>
  <testcase classname="package1.ParameterCheck" name="parameterInsertion" time="0.021">
    <failure type="java.lang.NullPointerException" message="Cannot invoke &amp;quot;String.equals(Object)&amp;quot; because &amp;quot;BROWSER&amp;quot; is null">
      <![CDATA[java.lang.NullPointerException: Cannot invoke "String.equals(Object)" because "BROWSER" is null
at package1.ParameterCheck.parameterInsertion(ParameterCheck.java:16)
at java.base/java.util.concurrent.ThreadPoolExecutor.runWorker(ThreadPoolExecutor.java:1144)
at java.base/java.util.concurrent.ThreadPoolExecutor$Worker.run(ThreadPoolExecutor.java:642)
at java.base/java.lang.Thread.run(Thread.java:1583)
... Removed 10 stack frames]]>
    </failure>
  </testcase> <!-- parameterInsertion -->
  <testcase classname="package1.HMS2Test" name="HMS2" time="0.02"/>
</testsuite> <!-- Test -->
